Started GET "/" for 127.0.0.1 at 2022-03-25 10:30:24 +0100
  [1m[35m (1.5ms)[0m  [1m[34mSELECT "schema_migrations"."version" FROM "schema_migrations" ORDER BY "schema_migrations"."version" ASC[0m
  ↳ /home/larbi/.rvm/gems/ruby-2.7.4/gems/activerecord-5.2.7/lib/active_record/log_subscriber.rb:98
Processing by MenuController#index as HTML
  Rendering menu/index.html.erb within layouts/application
  Rendered application/_nav.html.erb (190.8ms)
  Rendered application/_landing.html.erb (192.1ms)
  Rendered menu/index.html.erb within layouts/application (193.9ms)
Completed 200 OK in 216ms (Views: 215.3ms | ActiveRecord: 0.0ms)


Started GET "/users/sign_out" for 127.0.0.1 at 2022-03-25 10:30:26 +0100
  
ActionController::RoutingError (No route matches [GET] "/users/sign_out"):
  
actionpack (5.2.7) lib/action_dispatch/middleware/debug_exceptions.rb:65:in `call'
web-console (3.7.0) lib/web_console/middleware.rb:135:in `call_app'
web-console (3.7.0) lib/web_console/middleware.rb:30:in `block in call'
web-console (3.7.0) lib/web_console/middleware.rb:20:in `catch'
web-console (3.7.0) lib/web_console/middleware.rb:20:in `call'
actionpack (5.2.7) lib/action_dispatch/middleware/show_exceptions.rb:33:in `call'
railties (5.2.7) lib/rails/rack/logger.rb:38:in `call_app'
railties (5.2.7) lib/rails/rack/logger.rb:26:in `block in call'
activesupport (5.2.7) lib/active_support/tagged_logging.rb:71:in `block in tagged'
activesupport (5.2.7) lib/active_support/tagged_logging.rb:28:in `tagged'
activesupport (5.2.7) lib/active_support/tagged_logging.rb:71:in `tagged'
railties (5.2.7) lib/rails/rack/logger.rb:26:in `call'
sprockets-rails (3.4.2) lib/sprockets/rails/quiet_assets.rb:13:in `call'
actionpack (5.2.7) lib/action_dispatch/middleware/remote_ip.rb:81:in `call'
actionpack (5.2.7) lib/action_dispatch/middleware/request_id.rb:27:in `call'
rack (2.2.3) lib/rack/method_override.rb:24:in `call'
rack (2.2.3) lib/rack/runtime.rb:22:in `call'
activesupport (5.2.7) lib/active_support/cache/strategy/local_cache_middleware.rb:29:in `call'
actionpack (5.2.7) lib/action_dispatch/middleware/executor.rb:14:in `call'
actionpack (5.2.7) lib/action_dispatch/middleware/static.rb:127:in `call'
rack (2.2.3) lib/rack/sendfile.rb:110:in `call'
railties (5.2.7) lib/rails/engine.rb:524:in `call'
puma (3.12.6) lib/puma/configuration.rb:227:in `call'
puma (3.12.6) lib/puma/server.rb:706:in `handle_request'
puma (3.12.6) lib/puma/server.rb:476:in `process_client'
puma (3.12.6) lib/puma/server.rb:334:in `block in run'
puma (3.12.6) lib/puma/thread_pool.rb:135:in `block in spawn_thread'
Started GET "/menu/new" for 127.0.0.1 at 2022-03-25 10:30:30 +0100
Processing by MenuController#new as JS
  Rendering menu/new.js.erb
  Rendered application/_nav.html.erb (7.8ms)
  Rendered application/_rdv_search.html.erb (13.7ms)
  Rendered menu/new.js.erb (20.2ms)
Completed 200 OK in 32ms (Views: 27.9ms | ActiveRecord: 0.0ms)


Started GET "/users/sign_in" for 127.0.0.1 at 2022-03-25 10:30:32 +0100
Processing by Devise::SessionsController#new as HTML
  Rendering devise/sessions/new.html.erb within layouts/application
  Rendered devise/shared/_links.html.erb (0.7ms)
  Rendered application/_login.html.erb (266.9ms)
  Rendered devise/sessions/new.html.erb within layouts/application (269.0ms)
Completed 200 OK in 348ms (Views: 287.1ms | ActiveRecord: 22.5ms)


Started GET "/users/sign_up" for 127.0.0.1 at 2022-03-25 10:30:43 +0100
Processing by Devise::RegistrationsController#new as HTML
  Rendering devise/registrations/new.html.erb within layouts/application
  Rendered devise/shared/_links.html.erb (1.6ms)
  Rendered application/_signup_user.html.erb (14.7ms)
  Rendered devise/registrations/new.html.erb within layouts/application (18.8ms)
Completed 200 OK in 49ms (Views: 46.7ms | ActiveRecord: 0.0ms)


Started GET "/users/sign_in" for 127.0.0.1 at 2022-03-25 10:30:45 +0100
Processing by Devise::SessionsController#new as HTML
  Rendering devise/sessions/new.html.erb within layouts/application
  Rendered devise/shared/_links.html.erb (0.8ms)
  Rendered application/_login.html.erb (6.9ms)
  Rendered devise/sessions/new.html.erb within layouts/application (8.0ms)
Completed 200 OK in 31ms (Views: 30.1ms | ActiveRecord: 0.0ms)


Started GET "/users/password/new" for 127.0.0.1 at 2022-03-25 10:30:47 +0100
Processing by Devise::PasswordsController#new as HTML
  Rendering devise/passwords/new.html.erb within layouts/application
  Rendered devise/shared/_links.html.erb (0.9ms)
  Rendered application/_password.html.erb (6.7ms)
  Rendered devise/passwords/new.html.erb within layouts/application (8.1ms)
Completed 200 OK in 29ms (Views: 27.4ms | ActiveRecord: 0.0ms)


Started GET "/users/sign_in" for 127.0.0.1 at 2022-03-25 10:30:51 +0100
Processing by Devise::SessionsController#new as HTML
  Rendering devise/sessions/new.html.erb within layouts/application
  Rendered devise/shared/_links.html.erb (2.2ms)
  Rendered application/_login.html.erb (21.2ms)
  Rendered devise/sessions/new.html.erb within layouts/application (26.4ms)
Completed 200 OK in 66ms (Views: 62.3ms | ActiveRecord: 0.0ms)


Started GET "/users/sign_in" for 127.0.0.1 at 2022-03-25 10:31:31 +0100
Processing by Devise::SessionsController#new as HTML
  Rendering devise/sessions/new.html.erb within layouts/application
  Rendered devise/shared/_links.html.erb (3.2ms)
  Rendered application/_login.html.erb (39.0ms)
  Rendered devise/sessions/new.html.erb within layouts/application (46.9ms)
Completed 200 OK in 106ms (Views: 103.0ms | ActiveRecord: 0.0ms)


Started GET "/users/sign_in" for 127.0.0.1 at 2022-03-25 10:31:49 +0100
Processing by Devise::SessionsController#new as HTML
  Rendering devise/sessions/new.html.erb within layouts/application
  Rendered devise/shared/_links.html.erb (0.9ms)
  Rendered application/_login.html.erb (11.9ms)
  Rendered devise/sessions/new.html.erb within layouts/application (13.5ms)
Completed 200 OK in 56ms (Views: 54.6ms | ActiveRecord: 0.0ms)


Started GET "/users/sign_up" for 127.0.0.1 at 2022-03-25 10:32:02 +0100
Processing by Devise::RegistrationsController#new as HTML
  Rendering devise/registrations/new.html.erb within layouts/application
  Rendered devise/shared/_links.html.erb (1.3ms)
  Rendered application/_signup_user.html.erb (16.0ms)
  Rendered devise/registrations/new.html.erb within layouts/application (18.5ms)
Completed 200 OK in 47ms (Views: 45.5ms | ActiveRecord: 0.0ms)


Started GET "/users/sign_in" for 127.0.0.1 at 2022-03-25 10:32:17 +0100
Processing by Devise::SessionsController#new as HTML
  Rendering devise/sessions/new.html.erb within layouts/application
  Rendered application/_login.html.erb (1.2ms)
  Rendered devise/sessions/new.html.erb within layouts/application (9.3ms)
Completed 200 OK in 89ms (Views: 85.8ms | ActiveRecord: 0.0ms)


Started GET "/users/sign_in" for 127.0.0.1 at 2022-03-25 10:32:18 +0100
Processing by Devise::SessionsController#new as HTML
  Rendering devise/sessions/new.html.erb within layouts/application
  Rendered application/_login.html.erb (0.5ms)
  Rendered devise/sessions/new.html.erb within layouts/application (5.9ms)
Completed 200 OK in 51ms (Views: 46.2ms | ActiveRecord: 0.0ms)


Started GET "/users/sign_in" for 127.0.0.1 at 2022-03-25 10:32:25 +0100
Processing by Devise::SessionsController#new as HTML
  Rendering devise/sessions/new.html.erb within layouts/application
  Rendered devise/shared/_links.html.erb (1.4ms)
  Rendered application/_login.html.erb (10.6ms)
  Rendered devise/sessions/new.html.erb within layouts/application (12.6ms)
Completed 200 OK in 45ms (Views: 43.1ms | ActiveRecord: 0.0ms)


Started GET "/users/sign_in" for 127.0.0.1 at 2022-03-25 10:32:39 +0100
Processing by Devise::SessionsController#new as HTML
  Rendering devise/sessions/new.html.erb within layouts/application
  Rendered devise/shared/_links.html.erb (1.0ms)
  Rendered application/_login.html.erb (6.8ms)
  Rendered devise/sessions/new.html.erb within layouts/application (8.5ms)
Completed 200 OK in 37ms (Views: 35.4ms | ActiveRecord: 0.0ms)


Started GET "/users/sign_in" for 127.0.0.1 at 2022-03-25 10:32:53 +0100
Processing by Devise::SessionsController#new as HTML
  Rendering devise/sessions/new.html.erb within layouts/application
  Rendered devise/shared/_links.html.erb (2.2ms)
  Rendered application/_login.html.erb (17.1ms)
  Rendered devise/sessions/new.html.erb within layouts/application (20.5ms)
Completed 200 OK in 68ms (Views: 65.9ms | ActiveRecord: 0.0ms)


Started GET "/users/sign_in" for 127.0.0.1 at 2022-03-25 10:36:06 +0100
Processing by Devise::SessionsController#new as HTML
  Rendering devise/sessions/new.html.erb within layouts/application
  Rendered application/_login.html.erb (1.2ms)
  Rendered devise/sessions/new.html.erb within layouts/application (2.9ms)
Completed 500 Internal Server Error in 6ms (ActiveRecord: 0.0ms)


  
SyntaxError (/home/larbi/The_Hacking_Project/Semaine_11/Jour_1/Projet_final_MyLawyer/app/views/application/_login.html.erb:13: syntax error, unexpected ':'
...utput_buffer.append=( f.input : remember_me, as :boolean if ...
...                              ^
/home/larbi/The_Hacking_Project/Semaine_11/Jour_1/Projet_final_MyLawyer/app/views/application/_login.html.erb:13: syntax error, unexpected symbol literal, expecting `do' or '{' or '('
...d=( f.input : remember_me, as :boolean if devise_mapping.rem...
...                              ^
):
  
app/views/application/_login.html.erb:13: syntax error, unexpected ':'
app/views/application/_login.html.erb:13: syntax error, unexpected symbol literal, expecting `do' or '{' or '('
app/views/devise/sessions/new.html.erb:1:in `_app_views_devise_sessions_new_html_erb___3889677657765244783_21000'
Started GET "/users/sign_in" for 127.0.0.1 at 2022-03-25 10:36:07 +0100
Processing by Devise::SessionsController#new as HTML
  Rendering devise/sessions/new.html.erb within layouts/application
  Rendered application/_login.html.erb (1.3ms)
  Rendered devise/sessions/new.html.erb within layouts/application (3.7ms)
Completed 500 Internal Server Error in 10ms (ActiveRecord: 0.0ms)


  
SyntaxError (/home/larbi/The_Hacking_Project/Semaine_11/Jour_1/Projet_final_MyLawyer/app/views/application/_login.html.erb:13: syntax error, unexpected ':'
...utput_buffer.append=( f.input : remember_me, as :boolean if ...
...                              ^
/home/larbi/The_Hacking_Project/Semaine_11/Jour_1/Projet_final_MyLawyer/app/views/application/_login.html.erb:13: syntax error, unexpected symbol literal, expecting `do' or '{' or '('
...d=( f.input : remember_me, as :boolean if devise_mapping.rem...
...                              ^
):
  
app/views/application/_login.html.erb:13: syntax error, unexpected ':'
app/views/application/_login.html.erb:13: syntax error, unexpected symbol literal, expecting `do' or '{' or '('
app/views/devise/sessions/new.html.erb:1:in `_app_views_devise_sessions_new_html_erb___3889677657765244783_21540'
Started GET "/users/sign_in" for 127.0.0.1 at 2022-03-25 10:36:42 +0100
Processing by Devise::SessionsController#new as HTML
  Rendering devise/sessions/new.html.erb within layouts/application
  Rendered application/_login.html.erb (5.3ms)
  Rendered devise/sessions/new.html.erb within layouts/application (13.3ms)
Completed 500 Internal Server Error in 28ms (ActiveRecord: 0.0ms)


  
SyntaxError (/home/larbi/The_Hacking_Project/Semaine_11/Jour_1/Projet_final_MyLawyer/app/views/application/_login.html.erb:13: syntax error, unexpected ':'
...utput_buffer.append=( f.input : remember_me, as :boolean if ...
...                              ^
/home/larbi/The_Hacking_Project/Semaine_11/Jour_1/Projet_final_MyLawyer/app/views/application/_login.html.erb:13: syntax error, unexpected symbol literal, expecting `do' or '{' or '('
...d=( f.input : remember_me, as :boolean if devise_mapping.rem...
...                              ^
/home/larbi/The_Hacking_Project/Semaine_11/Jour_1/Projet_final_MyLawyer/app/views/application/_login.html.erb:17: syntax error, unexpected ':'
...utput_buffer.append=( f.input : remember_me, as: :boolean if...
...                              ^
):
  
app/views/application/_login.html.erb:13: syntax error, unexpected ':'
app/views/application/_login.html.erb:13: syntax error, unexpected symbol literal, expecting `do' or '{' or '('
app/views/application/_login.html.erb:17: syntax error, unexpected ':'
app/views/devise/sessions/new.html.erb:1:in `_app_views_devise_sessions_new_html_erb___3889677657765244783_22080'
Started GET "/users/sign_in" for 127.0.0.1 at 2022-03-25 10:36:44 +0100
Processing by Devise::SessionsController#new as HTML
  Rendering devise/sessions/new.html.erb within layouts/application
  Rendered application/_login.html.erb (1.4ms)
  Rendered devise/sessions/new.html.erb within layouts/application (3.6ms)
Completed 500 Internal Server Error in 7ms (ActiveRecord: 0.0ms)


  
SyntaxError (/home/larbi/The_Hacking_Project/Semaine_11/Jour_1/Projet_final_MyLawyer/app/views/application/_login.html.erb:13: syntax error, unexpected ':'
...utput_buffer.append=( f.input : remember_me, as :boolean if ...
...                              ^
/home/larbi/The_Hacking_Project/Semaine_11/Jour_1/Projet_final_MyLawyer/app/views/application/_login.html.erb:13: syntax error, unexpected symbol literal, expecting `do' or '{' or '('
...d=( f.input : remember_me, as :boolean if devise_mapping.rem...
...                              ^
/home/larbi/The_Hacking_Project/Semaine_11/Jour_1/Projet_final_MyLawyer/app/views/application/_login.html.erb:17: syntax error, unexpected ':'
...utput_buffer.append=( f.input : remember_me, as: :boolean if...
...                              ^
):
  
app/views/application/_login.html.erb:13: syntax error, unexpected ':'
app/views/application/_login.html.erb:13: syntax error, unexpected symbol literal, expecting `do' or '{' or '('
app/views/application/_login.html.erb:17: syntax error, unexpected ':'
app/views/devise/sessions/new.html.erb:1:in `_app_views_devise_sessions_new_html_erb___3889677657765244783_22620'
Started GET "/users/sign_in" for 127.0.0.1 at 2022-03-25 10:37:00 +0100
Processing by Devise::SessionsController#new as HTML
  Rendering devise/sessions/new.html.erb within layouts/application
  Rendered application/_login.html.erb (1.4ms)
  Rendered devise/sessions/new.html.erb within layouts/application (3.0ms)
Completed 500 Internal Server Error in 6ms (ActiveRecord: 0.0ms)


  
SyntaxError (/home/larbi/The_Hacking_Project/Semaine_11/Jour_1/Projet_final_MyLawyer/app/views/application/_login.html.erb:13: syntax error, unexpected ':'
...utput_buffer.append=( f.input : remember_me, as: :boolean if...
...                              ^
):
  
app/views/application/_login.html.erb:13: syntax error, unexpected ':'
app/views/devise/sessions/new.html.erb:1:in `_app_views_devise_sessions_new_html_erb___3889677657765244783_23160'
Started GET "/users/sign_in" for 127.0.0.1 at 2022-03-25 10:37:02 +0100
Processing by Devise::SessionsController#new as HTML
  Rendering devise/sessions/new.html.erb within layouts/application
  Rendered application/_login.html.erb (1.6ms)
  Rendered devise/sessions/new.html.erb within layouts/application (4.3ms)
Completed 500 Internal Server Error in 11ms (ActiveRecord: 0.0ms)


  
SyntaxError (/home/larbi/The_Hacking_Project/Semaine_11/Jour_1/Projet_final_MyLawyer/app/views/application/_login.html.erb:13: syntax error, unexpected ':'
...utput_buffer.append=( f.input : remember_me, as: :boolean if...
...                              ^
):
  
app/views/application/_login.html.erb:13: syntax error, unexpected ':'
app/views/devise/sessions/new.html.erb:1:in `_app_views_devise_sessions_new_html_erb___3889677657765244783_23700'
Started GET "/users/sign_in" for 127.0.0.1 at 2022-03-25 10:37:24 +0100
Processing by Devise::SessionsController#new as HTML
  Rendering devise/sessions/new.html.erb within layouts/application
  Rendered devise/shared/_links.html.erb (3.6ms)
  Rendered application/_login.html.erb (29.0ms)
  Rendered devise/sessions/new.html.erb within layouts/application (35.7ms)
Completed 200 OK in 74ms (Views: 69.9ms | ActiveRecord: 0.0ms)


